file:///Users/shinemohammed/Documents/dapp_vote/contracts/Election.sol
file:///Users/shinemohammed/Documents/dapp_vote/contracts/Election.sol
file:///Users/shinemohammed/Documents/dapp_vote/contracts/Election.sol
file:///Users/shinemohammed/Documents/dapp_vote/contracts/Election.sol
[Error - 4:50:28 PM] solium error: SyntaxError: An error occured while parsing the source code: Expected "[", "constant", "internal", "private", "public", comment, end of line, identifier, or whitespace but "(" found. Line: 8, Column: 15
file:///Users/shinemohammed/Documents/dapp_vote/contracts/Election.sol
[Error - 4:50:30 PM] solium error: SyntaxError: An error occured while parsing the source code: Expected "[", "constant", "internal", "private", "public", comment, end of line, identifier, or whitespace but "(" found. Line: 8, Column: 17
file:///Users/shinemohammed/Documents/dapp_vote/contracts/Election.sol
[Error - 4:50:32 PM] solium error: SyntaxError: An error occured while parsing the source code: Expected "[", "constant", "internal", "private", "public", comment, end of line, identifier, or whitespace but "(" found. Line: 8, Column: 15
file:///Users/shinemohammed/Documents/dapp_vote/contracts/Election.sol
file:///Users/shinemohammed/Documents/dapp_vote/contracts/Election.sol
file:///Users/shinemohammed/Documents/dapp_vote/contracts/Election.sol
file:///Users/shinemohammed/Documents/dapp_vote/contracts/Election.sol
[Error - 5:08:57 PM] solium error: SyntaxError: An error occured while parsing the source code: Expected ".", "[", "constant", "internal", "private", "public", comment, end of line, identifier, or whitespace but "(" found. Line: 18, Column: 11
file:///Users/shinemohammed/Documents/dapp_vote/contracts/Election.sol
file:///Users/shinemohammed/Documents/dapp_vote/contracts/Election.sol
file:///Users/shinemohammed/Documents/dapp_vote/contracts/Election.sol
file:///Users/shinemohammed/Documents/dapp_vote/contracts/Election.sol
file:///Users/shinemohammed/Documents/dapp_vote/contracts/Election.sol
file:///Users/shinemohammed/Documents/dapp_vote/contracts/Election.sol
file:///Users/shinemohammed/Documents/dapp_vote/contracts/Election.sol
[Error - 6:51:18 PM] solium error: SyntaxError: An error occured while parsing the source code: Expected "[", "constant", "internal", "private", "public", comment, end of line, identifier, or whitespace but "}" found. Line: 31, Column: 1
file:///Users/shinemohammed/Documents/dapp_vote/contracts/Election.sol
[Error - 6:51:20 PM] solium error: SyntaxError: An error occured while parsing the source code: Expected "[", "constant", "internal", "private", "public", comment, end of line, identifier, or whitespace but "}" found. Line: 31, Column: 1
file:///Users/shinemohammed/Documents/dapp_vote/contracts/Election.sol
[Error - 6:51:22 PM] solium error: SyntaxError: An error occured while parsing the source code: Expected "(", comment, end of line, or whitespace but "}" found. Line: 31, Column: 1
file:///Users/shinemohammed/Documents/dapp_vote/contracts/Election.sol
[Error - 6:51:23 PM] solium error: SyntaxError: An error occured while parsing the source code: Expected ";", "[", "constant", "external", "internal", "payable", "private", "public", "pure", "returns", "view", "{", comment, end of line, identifier, or whitespace but "}" found. Line: 31, Column: 1
file:///Users/shinemohammed/Documents/dapp_vote/contracts/Election.sol
file:///Users/shinemohammed/Documents/dapp_vote/contracts/Election.sol
file:///Users/shinemohammed/Documents/dapp_vote/contracts/Election.sol
file:///Users/shinemohammed/Documents/dapp_vote/contracts/Election.sol
file:///Users/shinemohammed/Documents/dapp_vote/contracts/Election.sol
file:///Users/shinemohammed/Documents/dapp_vote/contracts/Election.sol
file:///Users/shinemohammed/Documents/dapp_vote/contracts/Election.sol
file:///Users/shinemohammed/Documents/dapp_vote/contracts/Election.sol
file:///Users/shinemohammed/Documents/dapp_vote/contracts/Election.sol
file:///Users/shinemohammed/Documents/dapp_vote/contracts/Election.sol
file:///Users/shinemohammed/Documents/dapp_vote/contracts/Election.sol
file:///Users/shinemohammed/Documents/dapp_vote/contracts/Election.sol
file:///Users/shinemohammed/Documents/dapp_vote/contracts/Election.sol
[Error - 6:52:15 PM] solium error: SyntaxError: An error occured while parsing the source code: Expected ";", "=", comment, end of line, or whitespace but "p" found. Line: 16, Column: 10
file:///Users/shinemohammed/Documents/dapp_vote/contracts/Election.sol
[Error - 6:52:17 PM] solium error: SyntaxError: An error occured while parsing the source code: Expected "address", "mapping", comment, end of line, identifier, or whitespace but ")" found. Line: 14, Column: 13
file:///Users/shinemohammed/Documents/dapp_vote/contracts/Election.sol
[Error - 6:52:19 PM] solium error: SyntaxError: An error occured while parsing the source code: Expected "=>", "[", comment, end of line, or whitespace but ")" found. Line: 14, Column: 18
file:///Users/shinemohammed/Documents/dapp_vote/contracts/Election.sol
[Error - 6:52:21 PM] solium error: SyntaxError: An error occured while parsing the source code: Expected "address", "mapping", comment, end of line, identifier, or whitespace but ")" found. Line: 14, Column: 21
file:///Users/shinemohammed/Documents/dapp_vote/contracts/Election.sol
[Error - 6:52:25 PM] solium error: SyntaxError: An error occured while parsing the source code: Expected "=>", "[", "payable", comment, end of line, or whitespace but ")" found. Line: 14, Column: 21
file:///Users/shinemohammed/Documents/dapp_vote/contracts/Election.sol
[Error - 6:52:26 PM] solium error: SyntaxError: An error occured while parsing the source code: Expected "address", "mapping", comment, end of line, identifier, or whitespace but ")" found. Line: 14, Column: 24
file:///Users/shinemohammed/Documents/dapp_vote/contracts/Election.sol
[Error - 6:52:29 PM] solium error: SyntaxError: An error occured while parsing the source code: Expected ";", "=", comment, end of line, or whitespace but "p" found. Line: 16, Column: 10
file:///Users/shinemohammed/Documents/dapp_vote/contracts/Election.sol
[Error - 6:52:31 PM] solium error: SyntaxError: An error occured while parsing the source code: Expected ";", "=", comment, end of line, or whitespace but "p" found. Line: 16, Column: 10
file:///Users/shinemohammed/Documents/dapp_vote/contracts/Election.sol
[Error - 6:52:33 PM] solium error: SyntaxError: An error occured while parsing the source code: Expected ";", "=", comment, end of line, or whitespace but "p" found. Line: 16, Column: 10
file:///Users/shinemohammed/Documents/dapp_vote/contracts/Election.sol
[Error - 6:52:36 PM] solium error: SyntaxError: An error occured while parsing the source code: Expected ";", "=", comment, end of line, or whitespace but "u" found. Line: 16, Column: 5
file:///Users/shinemohammed/Documents/dapp_vote/contracts/Election.sol
file:///Users/shinemohammed/Documents/dapp_vote/contracts/Election.sol
file:///Users/shinemohammed/Documents/dapp_vote/contracts/Election.sol
file:///Users/shinemohammed/Documents/dapp_vote/contracts/Election.sol
file:///Users/shinemohammed/Documents/dapp_vote/contracts/Election.sol
file:///Users/shinemohammed/Documents/dapp_vote/contracts/Election.sol
file:///Users/shinemohammed/Documents/dapp_vote/contracts/Election.sol
file:///Users/shinemohammed/Documents/dapp_vote/contracts/Election.sol
file:///Users/shinemohammed/Documents/dapp_vote/contracts/Election.sol
file:///Users/shinemohammed/Documents/dapp_vote/contracts/Election.sol
[Error - 6:53:08 PM] solium error: SyntaxError: An error occured while parsing the source code: Expected "!=", "%", "%=", "&", "&&", "&=", "(", "*", "*=", "+", "+=", ",", "-", "-=", ".", "/", "/=", ";", "<", "<<", "<<=", "<=", "=", "==", ">", ">=", ">>", ">>=", ">>>", "?", "[", "^", "^=", "calldata", "memory", "storage", "|", "|=", "||", comment, end of line, identifier, or whitespace but "}" found. Line: 32, Column: 5
file:///Users/shinemohammed/Documents/dapp_vote/contracts/Election.sol
[Error - 6:53:10 PM] solium error: SyntaxError: An error occured while parsing the source code: Expected "!=", "%", "%=", "&", "&&", "&=", "(", "*", "*=", "+", "+=", ",", "-", "-=", ".", "/", "/=", ";", "<", "<<", "<<=", "<=", "=", "==", ">", ">=", ">>", ">>=", ">>>", "?", "[", "^", "^=", "|", "|=", "||", comment, end of line, or whitespace but "}" found. Line: 32, Column: 5
file:///Users/shinemohammed/Documents/dapp_vote/contracts/Election.sol
[Error - 6:53:13 PM] solium error: SyntaxError: An error occured while parsing the source code: Expected "!=", "%", "%=", "&", "&&", "&=", "(", "*", "*=", "+", "+=", ",", "-", "-=", ".", "/", "/=", ";", "<", "<<", "<<=", "<=", "=", "==", ">", ">=", ">>", ">>=", ">>>", "?", "[", "^", "^=", "|", "|=", "||", comment, end of line, or whitespace but "}" found. Line: 32, Column: 5
file:///Users/shinemohammed/Documents/dapp_vote/contracts/Election.sol
[Error - 6:53:17 PM] solium error: SyntaxError: An error occured while parsing the source code: Expected "!=", "%", "%=", "&", "&&", "&=", "(", "*", "*=", "+", "+=", ",", "-", "-=", ".", "/", "/=", ";", "<", "<<", "<<=", "<=", "=", "==", ">", ">=", ">>", ">>=", ">>>", "?", "[", "^", "^=", "|", "|=", "||", comment, end of line, or whitespace but "}" found. Line: 32, Column: 5
file:///Users/shinemohammed/Documents/dapp_vote/contracts/Election.sol
[Error - 6:53:18 PM] solium error: SyntaxError: An error occured while parsing the source code: Expected comment, end of line, identifier, or whitespace but "]" found. Line: 31, Column: 29
file:///Users/shinemohammed/Documents/dapp_vote/contracts/Election.sol
[Error - 6:53:20 PM] solium error: SyntaxError: An error occured while parsing the source code: Expected "!=", "%", "%=", "&", "&&", "&=", "(", "*", "*=", "+", "+=", ",", "-", "-=", ".", "/", "/=", ";", "<", "<<", "<<=", "<=", "=", "==", ">", ">=", ">>", ">>=", ">>>", "?", "[", "^", "^=", "|", "|=", "||", comment, end of line, or whitespace but "}" found. Line: 32, Column: 5
file:///Users/shinemohammed/Documents/dapp_vote/contracts/Election.sol
file:///Users/shinemohammed/Documents/dapp_vote/contracts/Election.sol
file:///Users/shinemohammed/Documents/dapp_vote/contracts/Election.sol
file:///Users/shinemohammed/Documents/dapp_vote/contracts/Election.sol
file:///Users/shinemohammed/Documents/dapp_vote/contracts/Election.sol
file:///Users/shinemohammed/Documents/dapp_vote/contracts/Election.sol
file:///Users/shinemohammed/Documents/dapp_vote/contracts/Election.sol
file:///Users/shinemohammed/Documents/dapp_vote/contracts/Election.sol
file:///Users/shinemohammed/Documents/dapp_vote/contracts/Election.sol
file:///Users/shinemohammed/Documents/dapp_vote/contracts/Election.sol
file:///Users/shinemohammed/Documents/dapp_vote/contracts/Election.sol
[Error - 6:53:55 PM] solium error: SyntaxError: An error occured while parsing the source code: Expected "!=", "%", "%=", "&", "&&", "&=", "(", "*", "*=", "+", "+=", ",", "-", "-=", ".", "/", "/=", ";", "<", "<<", "<<=", "<=", "=", "==", ">", ">=", ">>", ">>=", ">>>", "?", "[", "^", "^=", "calldata", "memory", "storage", "|", "|=", "||", comment, end of line, identifier, or whitespace but "}" found. Line: 35, Column: 5
file:///Users/shinemohammed/Documents/dapp_vote/contracts/Election.sol
[Error - 6:53:58 PM] solium error: SyntaxError: An error occured while parsing the source code: Expected "!=", "%", "%=", "&", "&&", "&=", "(", "*", "*=", "+", "+=", ",", "-", "-=", ".", "/", "/=", ";", "<", "<<", "<<=", "<=", "=", "==", ">", ">=", ">>", ">>=", ">>>", "?", "[", "^", "^=", "|", "|=", "||", comment, end of line, or whitespace but "}" found. Line: 35, Column: 5
file:///Users/shinemohammed/Documents/dapp_vote/contracts/Election.sol
[Error - 6:54:01 PM] solium error: SyntaxError: An error occured while parsing the source code: Expected "!=", "%", "%=", "&", "&&", "&=", "(", "*", "*=", "+", "+=", ",", "-", "-=", ".", "/", "/=", ";", "<", "<<", "<<=", "<=", "=", "==", ">", ">=", ">>", ">>=", ">>>", "?", "[", "^", "^=", "|", "|=", "||", comment, end of line, or whitespace but "}" found. Line: 35, Column: 5
file:///Users/shinemohammed/Documents/dapp_vote/contracts/Election.sol
[Error - 6:54:03 PM] solium error: SyntaxError: An error occured while parsing the source code: Expected "!=", "%", "%=", "&", "&&", "&=", "(", "*", "*=", "+", "+=", ",", "-", "-=", ".", "/", "/=", ";", "<", "<<", "<<=", "<=", "=", "==", ">", ">=", ">>", ">>=", ">>>", "?", "[", "^", "^=", "|", "|=", "||", comment, end of line, or whitespace but "}" found. Line: 35, Column: 5
file:///Users/shinemohammed/Documents/dapp_vote/contracts/Election.sol
[Error - 6:54:05 PM] solium error: SyntaxError: An error occured while parsing the source code: Expected "!=", "%", "%=", "&", "&&", "&=", "(", "*", "*=", "+", "+=", ",", "-", "-=", ".", "/", "/=", ";", "<", "<<", "<<=", "<=", "=", "==", ">", ">=", ">>", ">>=", ">>>", "?", "[", "^", "^=", "|", "|=", "||", comment, end of line, or whitespace but "}" found. Line: 35, Column: 5
file:///Users/shinemohammed/Documents/dapp_vote/contracts/Election.sol
file:///Users/shinemohammed/Documents/dapp_vote/contracts/Election.sol
file:///Users/shinemohammed/Documents/dapp_vote/contracts/Election.sol
file:///Users/shinemohammed/Documents/dapp_vote/contracts/Election.sol
file:///Users/shinemohammed/Documents/dapp_vote/contracts/Election.sol
file:///Users/shinemohammed/Documents/dapp_vote/contracts/Election.sol
file:///Users/shinemohammed/Documents/dapp_vote/contracts/Election.sol
file:///Users/shinemohammed/Documents/dapp_vote/contracts/Election.sol
file:///Users/shinemohammed/Documents/dapp_vote/contracts/Election.sol
file:///Users/shinemohammed/Documents/dapp_vote/contracts/Election.sol
file:///Users/shinemohammed/Documents/dapp_vote/contracts/Election.sol
file:///Users/shinemohammed/Documents/dapp_vote/contracts/Election.sol
file:///Users/shinemohammed/Documents/dapp_vote/contracts/Election.sol
[Error - 6:54:46 PM] solium error: SyntaxError: An error occured while parsing the source code: Expected "!=", "%", "%=", "&", "&&", "&=", "(", "*", "*=", "+", "+=", ",", "-", "-=", ".", "/", "/=", ";", "<", "<<", "<<=", "<=", "=", "==", ">", ">=", ">>", ">>=", ">>>", "?", "[", "^", "^=", "calldata", "memory", "storage", "|", "|=", "||", comment, end of line, identifier, or whitespace but "}" found. Line: 37, Column: 5
file:///Users/shinemohammed/Documents/dapp_vote/contracts/Election.sol
[Error - 6:54:48 PM] solium error: SyntaxError: An error occured while parsing the source code: Expected "!=", "%", "%=", "&", "&&", "&=", "(", "*", "*=", "+", "+=", ",", "-", "-=", ".", "/", "/=", ";", "<", "<<", "<<=", "<=", "=", "==", ">", ">=", ">>", ">>=", ">>>", "?", "[", "^", "^=", "|", "|=", "||", comment, end of line, or whitespace but "}" found. Line: 37, Column: 5
file:///Users/shinemohammed/Documents/dapp_vote/contracts/Election.sol
[Error - 6:54:55 PM] solium error: SyntaxError: An error occured while parsing the source code: Expected "!=", "%", "%=", "&", "&&", "&=", "(", "*", "*=", "+", "+=", ",", "-", "-=", ".", "/", "/=", ";", "<", "<<", "<<=", "<=", "=", "==", ">", ">=", ">>", ">>=", ">>>", "?", "[", "^", "^=", "|", "|=", "||", comment, end of line, or whitespace but "}" found. Line: 37, Column: 5
file:///Users/shinemohammed/Documents/dapp_vote/contracts/Election.sol
[Error - 6:54:57 PM] solium error: SyntaxError: An error occured while parsing the source code: Expected "!=", "%", "%=", "&", "&&", "&=", "(", "*", "*=", "+", "+=", ",", "-", "-=", ".", "/", "/=", ";", "<", "<<", "<<=", "<=", "=", "==", ">", ">=", ">>", ">>=", ">>>", "?", "[", "^", "^=", "|", "|=", "||", comment, end of line, or whitespace but "}" found. Line: 37, Column: 5
file:///Users/shinemohammed/Documents/dapp_vote/contracts/Election.sol
[Error - 6:54:59 PM] solium error: SyntaxError: An error occured while parsing the source code: Expected "!=", "%", "%=", "&", "&&", "&=", "(", "*", "*=", "+", "+=", ",", "-", "-=", ".", "/", "/=", ";", "<", "<<", "<<=", "<=", "=", "==", ">", ">=", ">>", ">>=", ">>>", "?", "[", "^", "^=", "|", "|=", "||", comment, end of line, or whitespace but "}" found. Line: 37, Column: 5
file:///Users/shinemohammed/Documents/dapp_vote/contracts/Election.sol
[Error - 6:55:01 PM] solium error: SyntaxError: An error occured while parsing the source code: Expected "!=", "%", "%=", "&", "&&", "&=", "(", "*", "*=", "+", "+=", ",", "-", "-=", ".", "/", "/=", ";", "<", "<<", "<<=", "<=", "=", "==", ">", ">=", ">>", ">>=", ">>>", "?", "[", "^", "^=", "|", "|=", "||", comment, end of line, or whitespace but "}" found. Line: 37, Column: 5
file:///Users/shinemohammed/Documents/dapp_vote/contracts/Election.sol
[Error - 6:55:04 PM] solium error: SyntaxError: An error occured while parsing the source code: Expected "!=", "%", "%=", "&", "&&", "&=", "(", "*", "*=", "+", "+=", ",", "-", "-=", ".", "/", "/=", ";", "<", "<<", "<<=", "<=", "=", "==", ">", ">=", ">>", ">>=", ">>>", "?", "[", "^", "^=", "|", "|=", "||", comment, end of line, or whitespace but "}" found. Line: 37, Column: 5
file:///Users/shinemohammed/Documents/dapp_vote/contracts/Election.sol
[Error - 6:55:08 PM] solium error: SyntaxError: An error occured while parsing the source code: Expected "!=", "%", "%=", "&", "&&", "&=", "(", "*", "*=", "+", "+=", ",", "-", "-=", ".", "/", "/=", ";", "<", "<<", "<<=", "<=", "=", "==", ">", ">=", ">>", ">>=", ">>>", "?", "[", "^", "^=", "|", "|=", "||", comment, end of line, or whitespace but "}" found. Line: 37, Column: 5
file:///Users/shinemohammed/Documents/dapp_vote/contracts/Election.sol
[Error - 6:55:09 PM] solium error: SyntaxError: An error occured while parsing the source code: Expected "!=", "%", "%=", "&", "&&", "&=", "(", "*", "*=", "+", "+=", ",", "-", "-=", ".", "/", "/=", ";", "<", "<<", "<<=", "<=", "=", "==", ">", ">=", ">>", ">>=", ">>>", "?", "[", "^", "^=", "|", "|=", "||", comment, end of line, or whitespace but "}" found. Line: 37, Column: 5
file:///Users/shinemohammed/Documents/dapp_vote/contracts/Election.sol
[Error - 6:55:11 PM] solium error: SyntaxError: An error occured while parsing the source code: Expected "!=", "%", "%=", "&", "&&", "&=", "(", "*", "*=", "+", "+=", ",", "-", "-=", ".", "/", "/=", ";", "<", "<<", "<<=", "<=", "=", "==", ">", ">=", ">>", ">>=", ">>>", "?", "[", "^", "^=", "|", "|=", "||", comment, end of line, or whitespace but "}" found. Line: 37, Column: 5
file:///Users/shinemohammed/Documents/dapp_vote/contracts/Election.sol
[Error - 6:55:14 PM] solium error: SyntaxError: An error occured while parsing the source code: Expected "!=", "%", "%=", "&", "&&", "&=", "(", "*", "*=", "+", "+=", ",", "-", "-=", ".", "/", "/=", ";", "<", "<<", "<<=", "<=", "=", "==", ">", ">=", ">>", ">>=", ">>>", "?", "[", "^", "^=", "|", "|=", "||", comment, end of line, or whitespace but "}" found. Line: 37, Column: 5
file:///Users/shinemohammed/Documents/dapp_vote/contracts/Election.sol
[Error - 6:55:15 PM] solium error: SyntaxError: An error occured while parsing the source code: Expected "!=", "%", "%=", "&", "&&", "&=", "(", "*", "*=", "+", "+=", ",", "-", "-=", ".", "/", "/=", ";", "<", "<<", "<<=", "<=", "=", "==", ">", ">=", ">>", ">>=", ">>>", "?", "[", "^", "^=", "|", "|=", "||", comment, end of line, or whitespace but "}" found. Line: 37, Column: 5
file:///Users/shinemohammed/Documents/dapp_vote/contracts/Election.sol
[Error - 6:55:18 PM] solium error: SyntaxError: An error occured while parsing the source code: Expected "!=", "%", "%=", "&", "&&", "&=", "(", "*", "*=", "+", "+=", ",", "-", "-=", ".", "/", "/=", ";", "<", "<<", "<<=", "<=", "=", "==", ">", ">=", ">>", ">>=", ">>>", "?", "[", "^", "^=", "|", "|=", "||", comment, end of line, or whitespace but "}" found. Line: 37, Column: 5
file:///Users/shinemohammed/Documents/dapp_vote/contracts/Election.sol
[Error - 6:55:20 PM] solium error: SyntaxError: An error occured while parsing the source code: Expected "!=", "%", "%=", "&", "&&", "&=", "(", "*", "*=", "+", "+=", ",", "-", "-=", ".", "/", "/=", ";", "<", "<<", "<<=", "<=", "=", "==", ">", ">=", ">>", ">>=", ">>>", "?", "[", "^", "^=", "|", "|=", "||", comment, end of line, or whitespace but "}" found. Line: 37, Column: 5
file:///Users/shinemohammed/Documents/dapp_vote/contracts/Election.sol
[Error - 6:55:24 PM] solium error: SyntaxError: An error occured while parsing the source code: Expected "!", "!=", "(", "+", "++", "-", "--", "<", "<=", "==", ">", ">=", "[", "^", "address", "mapping", "v", "~", comment, end of line, identifier, number, string, or whitespace but ")" found. Line: 36, Column: 53
file:///Users/shinemohammed/Documents/dapp_vote/contracts/Election.sol
[Error - 6:55:26 PM] solium error: SyntaxError: An error occured while parsing the source code: Expected "!=", "%", "%=", "&", "&&", "&=", "(", "*", "*=", "+", "+=", ",", "-", "-=", ".", "/", "/=", ";", "<", "<<", "<<=", "<=", "=", "==", ">", ">=", ">>", ">>=", ">>>", "?", "[", "^", "^=", "|", "|=", "||", comment, end of line, or whitespace but "}" found. Line: 37, Column: 5
file:///Users/shinemohammed/Documents/dapp_vote/contracts/Election.sol
[Error - 6:55:27 PM] solium error: SyntaxError: An error occured while parsing the source code: Expected "!=", "%", "%=", "&", "&&", "&=", "(", "*", "*=", "+", "+=", ",", "-", "-=", ".", "/", "/=", ";", "<", "<<", "<<=", "<=", "=", "==", ">", ">=", ">>", ">>=", ">>>", "?", "[", "^", "^=", "|", "|=", "||", comment, end of line, or whitespace but "}" found. Line: 37, Column: 5
file:///Users/shinemohammed/Documents/dapp_vote/contracts/Election.sol
[Error - 6:55:29 PM] solium error: SyntaxError: An error occured while parsing the source code: Expected "!=", "%", "%=", "&", "&&", "&=", "(", "*", "*=", "+", "+=", ",", "-", "-=", ".", "/", "/=", ";", "<", "<<", "<<=", "<=", "=", "==", ">", ">=", ">>", ">>=", ">>>", "?", "[", "^", "^=", "|", "|=", "||", comment, end of line, or whitespace but "}" found. Line: 37, Column: 5
file:///Users/shinemohammed/Documents/dapp_vote/contracts/Election.sol
[Error - 6:55:31 PM] solium error: SyntaxError: An error occured while parsing the source code: Expected "!=", "%", "%=", "&", "&&", "&=", "(", "*", "*=", "+", "+=", ",", "-", "-=", ".", "/", "/=", ";", "<", "<<", "<<=", "<=", "=", "==", ">", ">=", ">>", ">>=", ">>>", "?", "[", "^", "^=", "|", "|=", "||", comment, end of line, or whitespace but "}" found. Line: 37, Column: 5
file:///Users/shinemohammed/Documents/dapp_vote/contracts/Election.sol
[Error - 6:55:38 PM] solium error: SyntaxError: An error occured while parsing the source code: Expected "!=", "%", "%=", "&", "&&", "&=", "(", "*", "*=", "+", "+=", ",", "-", "-=", ".", "/", "/=", ";", "<", "<<", "<<=", "<=", "=", "==", ">", ">=", ">>", ">>=", ">>>", "?", "[", "^", "^=", "|", "|=", "||", comment, end of line, or whitespace but "}" found. Line: 37, Column: 5
file:///Users/shinemohammed/Documents/dapp_vote/contracts/Election.sol
[Error - 6:55:40 PM] solium error: SyntaxError: An error occured while parsing the source code: Expected "!=", "%", "%=", "&", "&&", "&=", "(", "*", "*=", "+", "+=", ",", "-", "-=", ".", "/", "/=", ";", "<", "<<", "<<=", "<=", "=", "==", ">", ">=", ">>", ">>=", ">>>", "?", "[", "^", "^=", "calldata", "memory", "storage", "|", "|=", "||", comment, end of line, identifier, or whitespace but "}" found. Line: 40, Column: 5
file:///Users/shinemohammed/Documents/dapp_vote/contracts/Election.sol
[Error - 6:55:41 PM] solium error: SyntaxError: An error occured while parsing the source code: Expected "!=", "%", "%=", "&", "&&", "&=", "(", "*", "*=", "+", "+=", ",", "-", "-=", ".", "/", "/=", ";", "<", "<<", "<<=", "<=", "=", "==", ">", ">=", ">>", ">>=", ">>>", "?", "[", "^", "^=", "|", "|=", "||", comment, end of line, or whitespace but "}" found. Line: 40, Column: 5
file:///Users/shinemohammed/Documents/dapp_vote/contracts/Election.sol
[Error - 6:55:48 PM] solium error: SyntaxError: An error occured while parsing the source code: Expected "!=", "%", "%=", "&", "&&", "&=", "(", "*", "*=", "+", "+=", ",", "-", "-=", ".", "/", "/=", ";", "<", "<<", "<<=", "<=", "=", "==", ">", ">=", ">>", ">>=", ">>>", "?", "[", "^", "^=", "|", "|=", "||", comment, end of line, or whitespace but "}" found. Line: 40, Column: 5
file:///Users/shinemohammed/Documents/dapp_vote/contracts/Election.sol
[Error - 6:55:49 PM] solium error: SyntaxError: An error occured while parsing the source code: Expected "!=", "%", "%=", "&", "&&", "&=", "(", "*", "*=", "+", "+=", ",", "-", "-=", ".", "/", "/=", ";", "<", "<<", "<<=", "<=", "=", "==", ">", ">=", ">>", ">>=", ">>>", "?", "[", "^", "^=", "|", "|=", "||", comment, end of line, or whitespace but "}" found. Line: 40, Column: 5
file:///Users/shinemohammed/Documents/dapp_vote/contracts/Election.sol
[Error - 6:55:51 PM] solium error: SyntaxError: An error occured while parsing the source code: Expected "!=", "%", "%=", "&", "&&", "&=", "(", "*", "*=", "+", "+=", ",", "-", "-=", ".", "/", "/=", ";", "<", "<<", "<<=", "<=", "=", "==", ">", ">=", ">>", ">>=", ">>>", "?", "[", "^", "^=", "|", "|=", "||", comment, end of line, or whitespace but "}" found. Line: 40, Column: 5
file:///Users/shinemohammed/Documents/dapp_vote/contracts/Election.sol
[Error - 6:55:53 PM] solium error: SyntaxError: An error occured while parsing the source code: Expected "!=", "%", "%=", "&", "&&", "&=", "(", "*", "*=", "+", "+=", ",", "-", "-=", ".", "/", "/=", ";", "<", "<<", "<<=", "<=", "=", "==", ">", ">=", ">>", ">>=", ">>>", "?", "[", "^", "^=", "|", "|=", "||", comment, end of line, or whitespace but "}" found. Line: 40, Column: 5
file:///Users/shinemohammed/Documents/dapp_vote/contracts/Election.sol
[Error - 6:55:58 PM] solium error: SyntaxError: An error occured while parsing the source code: Expected "!=", "%", "%=", "&", "&&", "&=", "(", "*", "*=", "+", "+=", ",", "-", "-=", ".", "/", "/=", ";", "<", "<<", "<<=", "<=", "=", "==", ">", ">=", ">>", ">>=", ">>>", "?", "[", "^", "^=", "|", "|=", "||", comment, end of line, or whitespace but "}" found. Line: 40, Column: 5
file:///Users/shinemohammed/Documents/dapp_vote/contracts/Election.sol
[Error - 6:56:00 PM] solium error: SyntaxError: An error occured while parsing the source code: Expected "!=", "%", "%=", "&", "&&", "&=", "(", "*", "*=", "+", "+=", ",", "-", "-=", ".", "/", "/=", ";", "<", "<<", "<<=", "<=", "=", "==", ">", ">=", ">>", ">>=", ">>>", "?", "[", "^", "^=", "|", "|=", "||", comment, end of line, or whitespace but "}" found. Line: 40, Column: 5
file:///Users/shinemohammed/Documents/dapp_vote/contracts/Election.sol
[Error - 6:56:04 PM] solium error: SyntaxError: An error occured while parsing the source code: Expected comment, end of line, identifier, or whitespace but ")" found. Line: 39, Column: 21
file:///Users/shinemohammed/Documents/dapp_vote/contracts/Election.sol
[Error - 6:56:06 PM] solium error: SyntaxError: An error occured while parsing the source code: Expected "!=", "%", "%=", "&", "&&", "&=", "(", "*", "*=", "+", "+=", ",", "-", "-=", ".", "/", "/=", ";", "<", "<<", "<<=", "<=", "=", "==", ">", ">=", ">>", ">>=", ">>>", "?", "[", "^", "^=", "|", "|=", "||", comment, end of line, or whitespace but "}" found. Line: 40, Column: 5
file:///Users/shinemohammed/Documents/dapp_vote/contracts/Election.sol
[Error - 6:56:11 PM] solium error: SyntaxError: An error occured while parsing the source code: Expected "!=", "%", "%=", "&", "&&", "&=", "(", "*", "*=", "+", "+=", ",", "-", "-=", ".", "/", "/=", ";", "<", "<<", "<<=", "<=", "=", "==", ">", ">=", ">>", ">>=", ">>>", "?", "[", "^", "^=", "|", "|=", "||", comment, end of line, or whitespace but "}" found. Line: 40, Column: 5
file:///Users/shinemohammed/Documents/dapp_vote/contracts/Election.sol
file:///Users/shinemohammed/Documents/dapp_vote/contracts/Election.sol
file:///Users/shinemohammed/Documents/dapp_vote/contracts/Election.sol
file:///Users/shinemohammed/Documents/dapp_vote/contracts/Election.sol
[Error - 6:56:31 PM] solium error: SyntaxError: An error occured while parsing the source code: Expected "!=", "%", "%=", "&", "&&", "&=", "(", "*", "*=", "+", "++", "+=", ",", "-", "--", "-=", ".", "/", "/*", "/=", "<", "<<", "<<=", "<=", "=", "==", ">", ">=", ">>", ">>=", ">>>", "?", "[", "]", "^", "^=", "calldata", "memory", "storage", "|", "|=", "||", comment, end of line, identifier, or whitespace but ")" found. Line: 39, Column: 20
file:///Users/shinemohammed/Documents/dapp_vote/contracts/Election.sol
[Error - 6:56:38 PM] solium error: SyntaxError: An error occured while parsing the source code: Expected "!=", "%", "%=", "&", "&&", "&=", "(", "*", "*=", "+", "++", "+=", ",", "-", "--", "-=", ".", "/", "/*", "/=", "<", "<<", "<<=", "<=", "=", "==", ">", ">=", ">>", ">>=", ">>>", "?", "[", "]", "^", "^=", "calldata", "memory", "storage", "|", "|=", "||", comment, end of line, identifier, or whitespace but ")" found. Line: 39, Column: 26
file:///Users/shinemohammed/Documents/dapp_vote/contracts/Election.sol
file:///Users/shinemohammed/Documents/dapp_vote/contracts/Election.sol
file:///Users/shinemohammed/Documents/dapp_vote/contracts/Election.sol
file:///Users/shinemohammed/Documents/dapp_vote/contracts/Election.sol
file:///Users/shinemohammed/Documents/dapp_vote/contracts/Election.sol
file:///Users/shinemohammed/Documents/dapp_vote/contracts/Election.sol
file:///Users/shinemohammed/Documents/dapp_vote/contracts/Election.sol
file:///Users/shinemohammed/Documents/dapp_vote/contracts/Election.sol
file:///Users/shinemohammed/Documents/dapp_vote/contracts/Election.sol
[Error - 7:02:23 PM] solium error: SyntaxError: An error occured while parsing the source code: Expected "!", "!=", "(", "+", "++", "-", "--", "<", "<=", "==", ">", ">=", "[", "^", "address", "mapping", "v", "~", comment, end of line, identifier, number, string, or whitespace but "{" found. Line: 33, Column: 45
file:///Users/shinemohammed/Documents/dapp_vote/contracts/Election.sol
[Error - 7:02:25 PM] solium error: TypeError: An error occured while parsing the source code: Cannot set property 'start' of null
file:///Users/shinemohammed/Documents/dapp_vote/contracts/Election.sol
[Error - 7:02:29 PM] solium error: SyntaxError: An error occured while parsing the source code: Expected "!=", "%", "%=", "&", "&&", "&=", "(", ")", "*", "*=", "+", "++", "+=", ",", "-", "--", "-=", ".", "/", "/*", "/=", "<", "<<", "<<=", "<=", "=", "==", ">", ">=", ">>", ">>=", ">>>", "?", "[", "^", "^=", "calldata", "memory", "storage", "|", "|=", "||", comment, end of line, identifier, or whitespace but ";" found. Line: 33, Column: 43
file:///Users/shinemohammed/Documents/dapp_vote/contracts/Election.sol
file:///Users/shinemohammed/Documents/dapp_vote/contracts/Election.sol
file:///Users/shinemohammed/Documents/dapp_vote/contracts/Election.sol
file:///Users/shinemohammed/Documents/dapp_vote/contracts/Election.sol
file:///Users/shinemohammed/Documents/dapp_vote/contracts/Election.sol
file:///Users/shinemohammed/Documents/dapp_vote/contracts/Election.sol
file:///Users/shinemohammed/Documents/dapp_vote/contracts/Election.sol
file:///Users/shinemohammed/Documents/dapp_vote/contracts/Election.sol
file:///Users/shinemohammed/Documents/dapp_vote/contracts/Election.sol
file:///Users/shinemohammed/Documents/dapp_vote/contracts/Election.sol
file:///Users/shinemohammed/Documents/dapp_vote/contracts/Election.sol
file:///Users/shinemohammed/Documents/dapp_vote/contracts/Election.sol
file:///Users/shinemohammed/Documents/dapp_vote/contracts/Election.sol
file:///Users/shinemohammed/Documents/dapp_vote/contracts/Election.sol
file:///Users/shinemohammed/Documents/dapp_vote/contracts/Election.sol
file:///Users/shinemohammed/Documents/dapp_vote/contracts/Election.sol
file:///Users/shinemohammed/Documents/dapp_vote/contracts/Election.sol
file:///Users/shinemohammed/Documents/dapp_vote/contracts/Election.sol
file:///Users/shinemohammed/Documents/dapp_vote/contracts/Election.sol
file:///Users/shinemohammed/Documents/dapp_vote/contracts/Election.sol
file:///Users/shinemohammed/Documents/dapp_vote/contracts/Election.sol
file:///Users/shinemohammed/Documents/dapp_vote/contracts/Election.sol
file:///Users/shinemohammed/Documents/dapp_vote/contracts/Election.sol
file:///Users/shinemohammed/Documents/dapp_vote/contracts/Election.sol
file:///Users/shinemohammed/Documents/dapp_vote/contracts/Election.sol
file:///Users/shinemohammed/Documents/dapp_vote/contracts/Election.sol
file:///Users/shinemohammed/Documents/dapp_vote/contracts/Election.sol
file:///Users/shinemohammed/Documents/dapp_vote/contracts/Election.sol
file:///Users/shinemohammed/Documents/dapp_vote/contracts/Election.sol
file:///Users/shinemohammed/Documents/dapp_vote/contracts/Election.sol
file:///Users/shinemohammed/Documents/dapp_vote/contracts/Election.sol
file:///Users/shinemohammed/Documents/dapp_vote/contracts/Election.sol
[Error - 10:49:58 PM] solium error: SyntaxError: An error occured while parsing the source code: Expected "[", "constant", "internal", "private", "public", comment, end of line, identifier, or whitespace but "}" found. Line: 49, Column: 1
file:///Users/shinemohammed/Documents/dapp_vote/contracts/Election.sol
[Error - 10:50:00 PM] solium error: SyntaxError: An error occured while parsing the source code: Expected "[", "constant", "internal", "private", "public", comment, end of line, identifier, or whitespace but "}" found. Line: 49, Column: 1
file:///Users/shinemohammed/Documents/dapp_vote/contracts/Election.sol
[Error - 10:50:01 PM] solium error: SyntaxError: An error occured while parsing the source code: Expected "[", "constant", "internal", "private", "public", comment, end of line, identifier, or whitespace but "}" found. Line: 49, Column: 1
file:///Users/shinemohammed/Documents/dapp_vote/contracts/Election.sol
[Error - 10:50:03 PM] solium error: SyntaxError: An error occured while parsing the source code: Expected ";", "=", comment, end of line, or whitespace but "}" found. Line: 49, Column: 1
file:///Users/shinemohammed/Documents/dapp_vote/contracts/Election.sol
[Error - 10:50:08 PM] solium error: SyntaxError: An error occured while parsing the source code: Expected ";", "=", comment, end of line, or whitespace but "}" found. Line: 49, Column: 1
file:///Users/shinemohammed/Documents/dapp_vote/contracts/Election.sol
[Error - 10:50:11 PM] solium error: SyntaxError: An error occured while parsing the source code: Expected ";", "=", comment, end of line, or whitespace but "}" found. Line: 49, Column: 1
file:///Users/shinemohammed/Documents/dapp_vote/contracts/Election.sol
[Error - 10:50:13 PM] solium error: SyntaxError: An error occured while parsing the source code: Expected ";", "=", comment, end of line, or whitespace but "(" found. Line: 47, Column: 29
file:///Users/shinemohammed/Documents/dapp_vote/contracts/Election.sol
file:///Users/shinemohammed/Documents/dapp_vote/contracts/Election.sol
[Error - 10:50:28 PM] solium error: SyntaxError: An error occured while parsing the source code: Expected ";", "=", comment, end of line, or whitespace but "(" found. Line: 46, Column: 29
file:///Users/shinemohammed/Documents/dapp_vote/contracts/Election.sol
[Error - 10:50:33 PM] solium error: SyntaxError: An error occured while parsing the source code: Expected ";", "[", "constant", "external", "internal", "payable", "private", "public", "pure", "returns", "view", "{", comment, end of line, identifier, or whitespace but "}" found. Line: 51, Column: 1
file:///Users/shinemohammed/Documents/dapp_vote/contracts/Election.sol
[Error - 10:50:41 PM] solium error: SyntaxError: An error occured while parsing the source code: Expected "(", ";", "=", "{", comment, end of line, identifier, or whitespace but "}" found. Line: 51, Column: 1
file:///Users/shinemohammed/Documents/dapp_vote/contracts/Election.sol
[Error - 10:50:43 PM] solium error: SyntaxError: An error occured while parsing the source code: Expected "(", ";", "constant", "{", comment, end of line, identifier, or whitespace but "}" found. Line: 51, Column: 1
file:///Users/shinemohammed/Documents/dapp_vote/contracts/Election.sol
file:///Users/shinemohammed/Documents/dapp_vote/contracts/Election.sol
[Error - 10:51:01 PM] solium error: SyntaxError: An error occured while parsing the source code: Expected ";", "=", comment, end of line, or whitespace but "(" found. Line: 20, Column: 16
file:///Users/shinemohammed/Documents/dapp_vote/contracts/Election.sol
[Error - 10:51:03 PM] solium error: SyntaxError: An error occured while parsing the source code: Expected ";", "=", comment, end of line, or whitespace but "(" found. Line: 20, Column: 16
file:///Users/shinemohammed/Documents/dapp_vote/contracts/Election.sol
[Error - 10:51:04 PM] solium error: SyntaxError: An error occured while parsing the source code: Expected "[", "constant", "internal", "payable", "private", "public", comment, end of line, identifier, or whitespace but "=" found. Line: 18, Column: 13
file:///Users/shinemohammed/Documents/dapp_vote/contracts/Election.sol
[Error - 10:51:06 PM] solium error: SyntaxError: An error occured while parsing the source code: Expected "[", "constant", "internal", "payable", "private", "public", comment, end of line, identifier, or whitespace but "=" found. Line: 18, Column: 13
file:///Users/shinemohammed/Documents/dapp_vote/contracts/Election.sol
[Error - 10:51:09 PM] solium error: SyntaxError: An error occured while parsing the source code: Expected ";", "=", comment, end of line, or whitespace but "(" found. Line: 20, Column: 16
file:///Users/shinemohammed/Documents/dapp_vote/contracts/Election.sol
[Error - 10:51:10 PM] solium error: SyntaxError: An error occured while parsing the source code: Expected "[", "constant", "internal", "payable", "private", "public", comment, end of line, identifier, or whitespace but "=" found. Line: 18, Column: 13
file:///Users/shinemohammed/Documents/dapp_vote/contracts/Election.sol
[Error - 10:51:14 PM] solium error: SyntaxError: An error occured while parsing the source code: Expected ";", "=", comment, end of line, or whitespace but "c" found. Line: 20, Column: 5
file:///Users/shinemohammed/Documents/dapp_vote/contracts/Election.sol
[Error - 10:51:17 PM] solium error: SyntaxError: An error occured while parsing the source code: Expected ";", "=", comment, end of line, or whitespace but "c" found. Line: 20, Column: 5
file:///Users/shinemohammed/Documents/dapp_vote/contracts/Election.sol
[Error - 10:51:18 PM] solium error: SyntaxError: An error occured while parsing the source code: Expected ";", "=", comment, end of line, or whitespace but "c" found. Line: 20, Column: 5
file:///Users/shinemohammed/Documents/dapp_vote/contracts/Election.sol
[Error - 10:51:20 PM] solium error: SyntaxError: An error occured while parsing the source code: Expected ";", "=", comment, end of line, or whitespace but "c" found. Line: 20, Column: 5
file:///Users/shinemohammed/Documents/dapp_vote/contracts/Election.sol
file:///Users/shinemohammed/Documents/dapp_vote/contracts/Election.sol
[Error - 10:51:27 PM] Request textDocument/definition failed.
  Message: Request textDocument/definition failed with message: Expected "!=", "%", "%=", "&", "&&", "&=", "(", "*", "*=", "+", "+=", ",", "-", "-=", ".", "/", "/=", ";", "<", "<<", "<<=", "<=", "=", "==", ">", ">=", ">>", ">>=", ">>>", "?", "[", "^", "^=", "calldata", "memory", "storage", "|", "|=", "||", comment, end of line, identifier, or whitespace but "}" found. Line: 49, Column: 5
  Code: -32603 
[Error - 10:51:28 PM] solium error: SyntaxError: An error occured while parsing the source code: Expected "!=", "%", "%=", "&", "&&", "&=", "(", "*", "*=", "+", "+=", ",", "-", "-=", ".", "/", "/=", ";", "<", "<<", "<<=", "<=", "=", "==", ">", ">=", ">>", ">>=", ">>>", "?", "[", "^", "^=", "calldata", "memory", "storage", "|", "|=", "||", comment, end of line, identifier, or whitespace but "}" found. Line: 49, Column: 5
file:///Users/shinemohammed/Documents/dapp_vote/contracts/Election.sol
[Error - 10:51:30 PM] solium error: SyntaxError: An error occured while parsing the source code: Expected "!=", "%", "%=", "&", "&&", "&=", "(", "*", "*=", "+", "+=", ",", "-", "-=", ".", "/", "/=", ";", "<", "<<", "<<=", "<=", "=", "==", ">", ">=", ">>", ">>=", ">>>", "?", "[", "^", "^=", "calldata", "memory", "storage", "|", "|=", "||", comment, end of line, identifier, or whitespace but "}" found. Line: 49, Column: 5
file:///Users/shinemohammed/Documents/dapp_vote/contracts/Election.sol
[Error - 10:51:32 PM] solium error: SyntaxError: An error occured while parsing the source code: Expected "!=", "%", "%=", "&", "&&", "&=", "(", "*", "*=", "+", "+=", ",", "-", "-=", ".", "/", "/=", ";", "<", "<<", "<<=", "<=", "=", "==", ">", ">=", ">>", ">>=", ">>>", "?", "[", "^", "^=", "calldata", "memory", "storage", "|", "|=", "||", comment, end of line, identifier, or whitespace but "}" found. Line: 49, Column: 5
file:///Users/shinemohammed/Documents/dapp_vote/contracts/Election.sol
file:///Users/shinemohammed/Documents/dapp_vote/contracts/Election.sol
file:///Users/shinemohammed/Documents/dapp_vote/contracts/Election.sol
[Error - 10:56:07 PM] solium error: SyntaxError: An error occured while parsing the source code: Expected "(", ";", "constant", "returns", "{", comment, end of line, or whitespace but "r" found. Line: 47, Column: 40
file:///Users/shinemohammed/Documents/dapp_vote/contracts/Election.sol
[Error - 10:56:08 PM] solium error: SyntaxError: An error occured while parsing the source code: Expected "!=", "<", "<=", "==", ">", ">=", "^", "address", "mapping", "v", "~", comment, end of line, identifier, number, string, or whitespace but ")" found. Line: 47, Column: 48
file:///Users/shinemohammed/Documents/dapp_vote/contracts/Election.sol
file:///Users/shinemohammed/Documents/dapp_vote/contracts/Election.sol
file:///Users/shinemohammed/Documents/dapp_vote/contracts/Election.sol
file:///Users/shinemohammed/Documents/dapp_vote/contracts/Election.sol
[Error - 10:56:26 PM] solium error: SyntaxError: An error occured while parsing the source code: Expected "!=", "%", "%=", "&", "&&", "&=", "(", "*", "*=", "+", "+=", ",", "-", "-=", ".", "/", "/=", ";", "<", "<<", "<<=", "<=", "=", "==", ">", ">=", ">>", ">>=", ">>>", "?", "[", "^", "^=", "calldata", "memory", "storage", "|", "|=", "||", comment, end of line, identifier, or whitespace but "}" found. Line: 50, Column: 5
file:///Users/shinemohammed/Documents/dapp_vote/contracts/Election.sol
file:///Users/shinemohammed/Documents/dapp_vote/contracts/Election.sol
[Error - 10:56:32 PM] solium error: SyntaxError: An error occured while parsing the source code: Expected "!=", "%", "%=", "&", "&&", "&=", "(", "*", "*=", "+", "+=", ",", "-", "-=", ".", "/", "/=", ";", "<", "<<", "<<=", "<=", "=", "==", ">", ">=", ">>", ">>=", ">>>", "?", "[", "^", "^=", "calldata", "memory", "storage", "|", "|=", "||", comment, end of line, identifier, or whitespace but "}" found. Line: 50, Column: 5
file:///Users/shinemohammed/Documents/dapp_vote/contracts/Election.sol
[Error - 10:56:33 PM] solium error: SyntaxError: An error occured while parsing the source code: Expected "!=", "%", "%=", "&", "&&", "&=", "(", "*", "*=", "+", "+=", ",", "-", "-=", ".", "/", "/=", ";", "<", "<<", "<<=", "<=", "=", "==", ">", ">=", ">>", ">>=", ">>>", "?", "[", "^", "^=", "calldata", "memory", "storage", "|", "|=", "||", comment, end of line, identifier, or whitespace but "}" found. Line: 50, Column: 5
file:///Users/shinemohammed/Documents/dapp_vote/contracts/Election.sol
[Error - 10:56:35 PM] solium error: SyntaxError: An error occured while parsing the source code: Expected "!=", "%", "%=", "&", "&&", "&=", "(", "*", "*=", "+", "+=", ",", "-", "-=", ".", "/", "/=", ";", "<", "<<", "<<=", "<=", "=", "==", ">", ">=", ">>", ">>=", ">>>", "?", "[", "^", "^=", "calldata", "memory", "storage", "|", "|=", "||", comment, end of line, identifier, or whitespace but "}" found. Line: 50, Column: 5
file:///Users/shinemohammed/Documents/dapp_vote/contracts/Election.sol
[Error - 10:56:37 PM] solium error: SyntaxError: An error occured while parsing the source code: Expected "!=", "%", "%=", "&", "&&", "&=", "(", "*", "*=", "+", "+=", ",", "-", "-=", ".", "/", "/=", ";", "<", "<<", "<<=", "<=", "=", "==", ">", ">=", ">>", ">>=", ">>>", "?", "[", "^", "^=", "calldata", "memory", "storage", "|", "|=", "||", comment, end of line, identifier, or whitespace but "}" found. Line: 50, Column: 5
file:///Users/shinemohammed/Documents/dapp_vote/contracts/Election.sol
[Error - 10:56:38 PM] solium error: SyntaxError: An error occured while parsing the source code: Expected "!=", "%", "%=", "&", "&&", "&=", "(", "*", "*=", "+", "+=", ",", "-", "-=", ".", "/", "/=", ";", "<", "<<", "<<=", "<=", "=", "==", ">", ">=", ">>", ">>=", ">>>", "?", "[", "^", "^=", "calldata", "memory", "storage", "|", "|=", "||", comment, end of line, identifier, or whitespace but "}" found. Line: 50, Column: 5
file:///Users/shinemohammed/Documents/dapp_vote/contracts/Election.sol
[Error - 10:57:12 PM] solium error: SyntaxError: An error occured while parsing the source code: Expected "!=", "%", "%=", "&", "&&", "&=", "(", "*", "*=", "+", "+=", ",", "-", "-=", ".", "/", "/=", ";", "<", "<<", "<<=", "<=", "=", "==", ">", ">=", ">>", ">>=", ">>>", "?", "[", "^", "^=", "calldata", "memory", "storage", "|", "|=", "||", comment, end of line, identifier, or whitespace but "}" found. Line: 50, Column: 5
file:///Users/shinemohammed/Documents/dapp_vote/contracts/Election.sol
[Error - 10:57:14 PM] solium error: SyntaxError: An error occured while parsing the source code: Expected "!=", "%", "%=", "&", "&&", "&=", "(", "*", "*=", "+", "+=", ",", "-", "-=", ".", "/", "/=", ";", "<", "<<", "<<=", "<=", "=", "==", ">", ">=", ">>", ">>=", ">>>", "?", "[", "^", "^=", "calldata", "memory", "storage", "|", "|=", "||", comment, end of line, identifier, or whitespace but "}" found. Line: 50, Column: 5
file:///Users/shinemohammed/Documents/dapp_vote/contracts/Election.sol
[Error - 10:57:15 PM] Request textDocument/definition failed.
  Message: Request textDocument/definition failed with message: Expected "!=", "%", "%=", "&", "&&", "&=", "(", "*", "*=", "+", "+=", ",", "-", "-=", ".", "/", "/=", ";", "<", "<<", "<<=", "<=", "=", "==", ">", ">=", ">>", ">>=", ">>>", "?", "[", "^", "^=", "calldata", "memory", "storage", "|", "|=", "||", comment, end of line, identifier, or whitespace but "}" found. Line: 50, Column: 5
  Code: -32603 
file:///Users/shinemohammed/Documents/dapp_vote/contracts/Election.sol
file:///Users/shinemohammed/Documents/dapp_vote/contracts/Election.sol
file:///Users/shinemohammed/Documents/dapp_vote/contracts/Election.sol
file:///Users/shinemohammed/Documents/dapp_vote/contracts/Election.sol
[Error - 12:01:51 AM] solium error: SyntaxError: An error occured while parsing the source code: Expected "[", "constant", "internal", "private", "public", comment, end of line, or whitespace but "f" found. Line: 28, Column: 5
file:///Users/shinemohammed/Documents/dapp_vote/contracts/Election.sol
[Error - 12:01:53 AM] solium error: SyntaxError: An error occured while parsing the source code: Expected "(", "[", "constant", "internal", "private", "public", comment, end of line, or whitespace but "f" found. Line: 28, Column: 5
file:///Users/shinemohammed/Documents/dapp_vote/contracts/Election.sol
[Error - 12:01:56 AM] solium error: SyntaxError: An error occured while parsing the source code: Expected "(", ";", "=", comment, end of line, or whitespace but "f" found. Line: 28, Column: 5
file:///Users/shinemohammed/Documents/dapp_vote/contracts/Election.sol
[Error - 12:02:00 AM] solium error: SyntaxError: An error occured while parsing the source code: Expected "(", ";", "=", comment, end of line, or whitespace but "f" found. Line: 28, Column: 5
file:///Users/shinemohammed/Documents/dapp_vote/contracts/Election.sol
[Error - 12:02:02 AM] solium error: SyntaxError: An error occured while parsing the source code: Expected ";", "anonymous", comment, end of line, or whitespace but "f" found. Line: 28, Column: 5
file:///Users/shinemohammed/Documents/dapp_vote/contracts/Election.sol
[Error - 12:02:04 AM] solium error: SyntaxError: An error occured while parsing the source code: Expected ";", "anonymous", comment, end of line, or whitespace but "f" found. Line: 28, Column: 5
file:///Users/shinemohammed/Documents/dapp_vote/contracts/Election.sol
[Error - 12:02:06 AM] solium error: SyntaxError: An error occured while parsing the source code: Expected ";", "anonymous", comment, end of line, or whitespace but "f" found. Line: 30, Column: 5
file:///Users/shinemohammed/Documents/dapp_vote/contracts/Election.sol
[Error - 12:02:08 AM] solium error: SyntaxError: An error occured while parsing the source code: Expected ";", "anonymous", comment, end of line, or whitespace but "f" found. Line: 30, Column: 5
file:///Users/shinemohammed/Documents/dapp_vote/contracts/Election.sol
[Error - 12:02:12 AM] solium error: SyntaxError: An error occured while parsing the source code: Expected ";", "anonymous", comment, end of line, or whitespace but "f" found. Line: 30, Column: 5
file:///Users/shinemohammed/Documents/dapp_vote/contracts/Election.sol
[Error - 12:02:16 AM] solium error: SyntaxError: An error occured while parsing the source code: Expected ";", "anonymous", comment, end of line, or whitespace but "f" found. Line: 30, Column: 5
file:///Users/shinemohammed/Documents/dapp_vote/contracts/Election.sol
[Error - 12:02:18 AM] solium error: SyntaxError: An error occured while parsing the source code: Expected ";", "anonymous", comment, end of line, or whitespace but "f" found. Line: 30, Column: 5
file:///Users/shinemohammed/Documents/dapp_vote/contracts/Election.sol
[Error - 12:02:20 AM] solium error: SyntaxError: An error occured while parsing the source code: Expected ";", "anonymous", comment, end of line, or whitespace but "f" found. Line: 30, Column: 5
file:///Users/shinemohammed/Documents/dapp_vote/contracts/Election.sol
[Error - 12:02:28 AM] solium error: SyntaxError: An error occured while parsing the source code: Expected ";", "anonymous", comment, end of line, or whitespace but "f" found. Line: 30, Column: 5
file:///Users/shinemohammed/Documents/dapp_vote/contracts/Election.sol
[Error - 12:02:31 AM] Request textDocument/definition failed.
  Message: Request textDocument/definition failed with message: Expected ";", "anonymous", comment, end of line, or whitespace but "f" found. Line: 30, Column: 5
  Code: -32603 
file:///Users/shinemohammed/Documents/dapp_vote/contracts/Election.sol
file:///Users/shinemohammed/Documents/dapp_vote/contracts/Election.sol
file:///Users/shinemohammed/Documents/dapp_vote/contracts/Election.sol
file:///Users/shinemohammed/Documents/dapp_vote/contracts/Election.sol
file:///Users/shinemohammed/Documents/dapp_vote/contracts/Election.sol
[Error - 12:03:16 AM] solium error: SyntaxError: An error occured while parsing the source code: Expected "!=", "%", "%=", "&", "&&", "&=", "(", "*", "*=", "+", "+=", ",", "-", "-=", ".", "/", "/=", ";", "<", "<<", "<<=", "<=", "=", "==", ">", ">=", ">>", ">>=", ">>>", "?", "[", "^", "^=", "calldata", "memory", "storage", "|", "|=", "||", comment, end of line, identifier, or whitespace but "}" found. Line: 52, Column: 5
file:///Users/shinemohammed/Documents/dapp_vote/contracts/Election.sol
[Error - 12:03:19 AM] solium error: SyntaxError: An error occured while parsing the source code: Expected "!=", "%", "%=", "&", "&&", "&=", "(", "*", "*=", "+", "+=", ",", "-", "-=", ".", "/", "/=", ";", "<", "<<", "<<=", "<=", "=", "==", ">", ">=", ">>", ">>=", ">>>", "?", "[", "^", "^=", "calldata", "memory", "storage", "|", "|=", "||", comment, end of line, identifier, or whitespace but "}" found. Line: 52, Column: 5
file:///Users/shinemohammed/Documents/dapp_vote/contracts/Election.sol
[Error - 12:03:21 AM] solium error: SyntaxError: An error occured while parsing the source code: Expected "!=", "%", "%=", "&", "&&", "&=", "(", "*", "*=", "+", "+=", ",", "-", "-=", ".", "/", "/=", ";", "<", "<<", "<<=", "<=", "=", "==", ">", ">=", ">>", ">>=", ">>>", "?", "[", "^", "^=", "calldata", "memory", "storage", "|", "|=", "||", comment, end of line, identifier, or whitespace but "}" found. Line: 52, Column: 5
file:///Users/shinemohammed/Documents/dapp_vote/contracts/Election.sol
[Error - 12:03:24 AM] solium error: SyntaxError: An error occured while parsing the source code: Expected "!=", "%", "%=", "&", "&&", "&=", "(", "*", "*=", "+", "+=", ",", "-", "-=", ".", "/", "/=", ";", "<", "<<", "<<=", "<=", "=", "==", ">", ">=", ">>", ">>=", ">>>", "?", "[", "^", "^=", "calldata", "memory", "storage", "|", "|=", "||", comment, end of line, identifier, or whitespace but "}" found. Line: 52, Column: 5
file:///Users/shinemohammed/Documents/dapp_vote/contracts/Election.sol
[Error - 12:03:26 AM] solium error: SyntaxError: An error occured while parsing the source code: Expected "!=", "%", "%=", "&", "&&", "&=", "(", "*", "*=", "+", "+=", ",", "-", "-=", ".", "/", "/=", ";", "<", "<<", "<<=", "<=", "=", "==", ">", ">=", ">>", ">>=", ">>>", "?", "[", "^", "^=", "|", "|=", "||", comment, end of line, or whitespace but "}" found. Line: 52, Column: 5
file:///Users/shinemohammed/Documents/dapp_vote/contracts/Election.sol
[Error - 12:03:28 AM] solium error: SyntaxError: An error occured while parsing the source code: Expected "!=", "%", "%=", "&", "&&", "&=", "(", "*", "*=", "+", "+=", ",", "-", "-=", ".", "/", "/=", ";", "<", "<<", "<<=", "<=", "=", "==", ">", ">=", ">>", ">>=", ">>>", "?", "[", "^", "^=", "|", "|=", "||", comment, end of line, or whitespace but "}" found. Line: 52, Column: 5
file:///Users/shinemohammed/Documents/dapp_vote/contracts/Election.sol
file:///Users/shinemohammed/Documents/dapp_vote/contracts/Election.sol
file:///Users/shinemohammed/Documents/dapp_vote/contracts/Election.sol
file:///Users/shinemohammed/Documents/dapp_vote/contracts/Election.sol
file:///Users/shinemohammed/Documents/dapp_vote/contracts/Election.sol
file:///Users/shinemohammed/Documents/dapp_vote/contracts/Election.sol
