[2019-06-16 16:45:07.378] [exthost] [info] extension host started
[2019-06-16 16:45:07.397] [exthost] [info] ExtensionService#_doActivateExtension vscode.debug-auto-launch {"startup":true,"activationEvent":"*"}
[2019-06-16 16:45:07.397] [exthost] [info] ExtensionService#loadCommonJSModule /Applications/Visual Studio Code.app/Contents/Resources/app/extensions/debug-auto-launch/dist/extension
[2019-06-16 16:45:07.402] [exthost] [info] ExtensionService#_doActivateExtension vscode.emmet {"startup":true,"activationEvent":"*"}
[2019-06-16 16:45:07.402] [exthost] [info] ExtensionService#loadCommonJSModule /Applications/Visual Studio Code.app/Contents/Resources/app/extensions/emmet/dist/extension
[2019-06-16 16:45:07.433] [exthost] [info] ExtensionService#_doActivateExtension vscode.git {"startup":true,"activationEvent":"*"}
[2019-06-16 16:45:07.433] [exthost] [info] ExtensionService#loadCommonJSModule /Applications/Visual Studio Code.app/Contents/Resources/app/extensions/git/dist/main
[2019-06-16 16:45:07.566] [exthost] [info] ExtensionService#_doActivateExtension vscode.merge-conflict {"startup":true,"activationEvent":"*"}
[2019-06-16 16:45:07.566] [exthost] [info] ExtensionService#loadCommonJSModule /Applications/Visual Studio Code.app/Contents/Resources/app/extensions/merge-conflict/dist/extension
[2019-06-16 16:45:07.574] [exthost] [info] ExtensionService#_doActivateExtension Equinusocio.vsc-material-theme {"startup":true,"activationEvent":"*"}
[2019-06-16 16:45:07.574] [exthost] [info] ExtensionService#loadCommonJSModule /Users/shinemohammed/.vscode/extensions/equinusocio.vsc-material-theme-2.9.0/out/src/material.theme.config
[2019-06-16 16:45:07.589] [exthost] [info] ExtensionService#_doActivateExtension esbenp.prettier-vscode {"startup":true,"activationEvent":"*"}
[2019-06-16 16:45:07.589] [exthost] [info] ExtensionService#loadCommonJSModule /Users/shinemohammed/.vscode/extensions/esbenp.prettier-vscode-1.9.0/out/src/extension
[2019-06-16 16:45:07.984] [exthost] [info] ExtensionService#_doActivateExtension wayou.vscode-todo-highlight {"startup":true,"activationEvent":"*"}
[2019-06-16 16:45:07.984] [exthost] [info] ExtensionService#loadCommonJSModule /Users/shinemohammed/.vscode/extensions/wayou.vscode-todo-highlight-1.0.4/src/extension
[2019-06-16 16:45:07.988] [exthost] [info] eager extensions activated
[2019-06-16 16:45:17.952] [exthost] [info] extension host started
[2019-06-16 16:45:17.995] [exthost] [info] ExtensionService#_doActivateExtension vscode.debug-auto-launch {"startup":true,"activationEvent":"*"}
[2019-06-16 16:45:17.996] [exthost] [info] ExtensionService#loadCommonJSModule /Applications/Visual Studio Code.app/Contents/Resources/app/extensions/debug-auto-launch/dist/extension
[2019-06-16 16:45:18.002] [exthost] [info] ExtensionService#_doActivateExtension vscode.emmet {"startup":true,"activationEvent":"*"}
[2019-06-16 16:45:18.002] [exthost] [info] ExtensionService#loadCommonJSModule /Applications/Visual Studio Code.app/Contents/Resources/app/extensions/emmet/dist/extension
[2019-06-16 16:45:18.026] [exthost] [info] ExtensionService#_doActivateExtension vscode.git {"startup":true,"activationEvent":"*"}
[2019-06-16 16:45:18.026] [exthost] [info] ExtensionService#loadCommonJSModule /Applications/Visual Studio Code.app/Contents/Resources/app/extensions/git/dist/main
[2019-06-16 16:45:18.151] [exthost] [info] ExtensionService#_doActivateExtension vscode.merge-conflict {"startup":true,"activationEvent":"*"}
[2019-06-16 16:45:18.151] [exthost] [info] ExtensionService#loadCommonJSModule /Applications/Visual Studio Code.app/Contents/Resources/app/extensions/merge-conflict/dist/extension
[2019-06-16 16:45:18.166] [exthost] [info] ExtensionService#_doActivateExtension Equinusocio.vsc-material-theme {"startup":true,"activationEvent":"*"}
[2019-06-16 16:45:18.166] [exthost] [info] ExtensionService#loadCommonJSModule /Users/shinemohammed/.vscode/extensions/equinusocio.vsc-material-theme-2.9.0/out/src/material.theme.config
[2019-06-16 16:45:18.196] [exthost] [info] ExtensionService#_doActivateExtension esbenp.prettier-vscode {"startup":true,"activationEvent":"*"}
[2019-06-16 16:45:18.196] [exthost] [info] ExtensionService#loadCommonJSModule /Users/shinemohammed/.vscode/extensions/esbenp.prettier-vscode-1.9.0/out/src/extension
[2019-06-16 16:45:18.604] [exthost] [info] ExtensionService#_doActivateExtension wayou.vscode-todo-highlight {"startup":true,"activationEvent":"*"}
[2019-06-16 16:45:18.604] [exthost] [info] ExtensionService#loadCommonJSModule /Users/shinemohammed/.vscode/extensions/wayou.vscode-todo-highlight-1.0.4/src/extension
[2019-06-16 16:45:18.613] [exthost] [info] eager extensions activated
[2019-06-16 16:45:24.871] [exthost] [info] ExtensionService#_doActivateExtension vscode.typescript-language-features {"startup":false,"activationEvent":"onLanguage:javascript"}
[2019-06-16 16:45:24.871] [exthost] [info] ExtensionService#loadCommonJSModule /Applications/Visual Studio Code.app/Contents/Resources/app/extensions/typescript-language-features/dist/extension
[2019-06-16 16:45:59.159] [exthost] [info] ExtensionService#_doActivateExtension vscode.extension-editing {"startup":false,"activationEvent":"onLanguage:typescript"}
[2019-06-16 16:45:59.159] [exthost] [info] ExtensionService#loadCommonJSModule /Applications/Visual Studio Code.app/Contents/Resources/app/extensions/extension-editing/dist/extension
[2019-06-16 16:46:09.827] [exthost] [info] ExtensionService#_doActivateExtension vscode.configuration-editing {"startup":false,"activationEvent":"onLanguage:jsonc"}
[2019-06-16 16:46:09.827] [exthost] [info] ExtensionService#loadCommonJSModule /Applications/Visual Studio Code.app/Contents/Resources/app/extensions/configuration-editing/dist/extension
[2019-06-16 16:46:09.844] [exthost] [info] ExtensionService#_doActivateExtension vscode.json-language-features {"startup":false,"activationEvent":"onLanguage:jsonc"}
[2019-06-16 16:46:09.844] [exthost] [info] ExtensionService#loadCommonJSModule /Applications/Visual Studio Code.app/Contents/Resources/app/extensions/json-language-features/client/dist/jsonMain
[2019-06-16 16:49:40.247] [exthost] [info] ExtensionService#_doActivateExtension beaugunderson.solidity-extended {"startup":false,"activationEvent":"onLanguage:solidity"}
[2019-06-16 16:49:40.248] [exthost] [info] ExtensionService#loadCommonJSModule /Users/shinemohammed/.vscode/extensions/beaugunderson.solidity-extended-3.0.2/out/src/extension
[2019-06-16 16:49:40.362] [exthost] [info] ExtensionService#_doActivateExtension JuanBlanco.solidity {"startup":false,"activationEvent":"onLanguage:solidity"}
[2019-06-16 16:49:40.363] [exthost] [info] ExtensionService#loadCommonJSModule /Users/shinemohammed/.vscode/extensions/juanblanco.solidity-0.0.56/out/src/extension
[2019-06-16 16:55:49.867] [exthost] [info] ExtensionService#_doActivateExtension vscode.html-language-features {"startup":false,"activationEvent":"onLanguage:html"}
[2019-06-16 16:55:49.867] [exthost] [info] ExtensionService#loadCommonJSModule /Applications/Visual Studio Code.app/Contents/Resources/app/extensions/html-language-features/client/dist/htmlMain
[2019-06-16 16:59:23.483] [exthost] [info] ExtensionService#_doActivateExtension vscode.npm {"startup":false,"activationEvent":"onLanguage:json"}
[2019-06-16 16:59:23.483] [exthost] [info] ExtensionService#loadCommonJSModule /Applications/Visual Studio Code.app/Contents/Resources/app/extensions/npm/dist/main
[2019-06-20 22:38:49.003] [exthost] [error] [vscode.typescript-language-features] provider FAILED
[2019-06-20 22:38:49.019] [exthost] [error] Error: TypeScript Server Error (3.5.1)
Debug Failure.
Error: Debug Failure.
    at Object.assertDefined (tsserver.js:2080:24)
    at getRangeToExtract (tsserver.js:119414:43)
    at Object.getAvailableActions (tsserver.js:119378:28)
    at tsserver.js:112870:128
    at getIterator (tsserver.js:627:23)
    at Object.next (tsserver.js:622:35)
    at Object.arrayFrom (tsserver.js:1255:95)
    at Object.getApplicableRefactors (tsserver.js:112869:23)
    at Object.getApplicableRefactors (tsserver.js:122632:32)
    at IOSession.Session.getApplicableRefactors (tsserver.js:131393:53)
    at Session.handlers.ts.createMapFromTemplate._a.(anonymous function) (tsserver.js:130211:61)
    at tsserver.js:131637:88
    at IOSession.Session.executeWithRequestId (tsserver.js:131628:28)
    at IOSession.Session.executeCommand (tsserver.js:131637:33)
    at IOSession.Session.onMessage (tsserver.js:131659:35)
    at Interface.<anonymous> (tsserver.js:132950:27)
    at Interface.emit (events.js:182:13)
    at Interface._onLine (readline.js:290:10)
    at Interface._normalWrite (readline.js:433:12)
    at Socket.ondata (readline.js:149:10)
    at Socket.emit (events.js:182:13)
    at addChunk (_stream_readable.js:279:12)
    at readableAddChunk (_stream_readable.js:264:11)
    at Socket.Readable.push (_stream_readable.js:219:10)
    at Pipe.onread (net.js:636:20)
	at Function.create (/Applications/Visual Studio Code.app/Contents/Resources/app/extensions/typescript-language-features/dist/extension.js:1:197728)
	at v.dispatchResponse (/Applications/Visual Studio Code.app/Contents/Resources/app/extensions/typescript-language-features/dist/extension.js:1:203096)
	at v.dispatchMessage (/Applications/Visual Studio Code.app/Contents/Resources/app/extensions/typescript-language-features/dist/extension.js:1:201848)
	at constructor._reader.onData.e (/Applications/Visual Studio Code.app/Contents/Resources/app/extensions/typescript-language-features/dist/extension.js:1:201204)
	at u.fire (/Applications/Visual Studio Code.app/Contents/Resources/app/out/vs/workbench/services/extensions/node/extensionHostProcess.js:47:720)
	at t.Reader.onLengthData (/Applications/Visual Studio Code.app/Contents/Resources/app/extensions/typescript-language-features/dist/extension.js:1:206508)
	at Socket.t.Reader.constructor.e.on.e (/Applications/Visual Studio Code.app/Contents/Resources/app/extensions/typescript-language-features/dist/extension.js:1:206156)
	at Socket.emit (events.js:182:13)
	at addChunk (_stream_readable.js:279:12)
	at readableAddChunk (_stream_readable.js:264:11)
	at Socket.Readable.push (_stream_readable.js:219:10)
	at Pipe.onread (net.js:636:20)
